<?xml version="1.0" encoding="UTF-8"?>
<testng-results ignored="0" total="2" passed="2" failed="0" skipped="0">
  <reporter-output>
  </reporter-output>
  <suite started-at="2022-06-20T11:47:50 WIB" name="Default suite" finished-at="2022-06-20T11:47:59 WIB" duration-ms="9222">
    <groups>
      <group name="cucumber">
        <method signature="AbstractTestNGCucumberTests.runScenario(io.cucumber.testng.PickleWrapper,io.cucumber.testng.FeatureWrapper)[pri:0, instance:com.nexsoft.cucumber.runner.CucumberRunner@14cd1699]" name="runScenario" class="io.cucumber.testng.AbstractTestNGCucumberTests"/>
      </group> <!-- cucumber -->
    </groups>
    <test started-at="2022-06-20T11:47:50 WIB" name="Default test" finished-at="2022-06-20T11:47:59 WIB" duration-ms="9222">
      <class name="com.nexsoft.cucumber.runner.CucumberRunner">
        <test-method is-config="true" signature="setUpClass(org.testng.ITestContext)[pri:0, instance:com.nexsoft.cucumber.runner.CucumberRunner@14cd1699]" started-at="2022-06-20T11:47:50 WIB" name="setUpClass" finished-at="2022-06-20T11:47:51 WIB" duration-ms="384" status="PASS">
          <params>
            <param index="0">
              <value>
                <![CDATA[org.testng.TestRunner@2fd72332]]>
              </value>
            </param>
          </params>
          <reporter-output>
          </reporter-output>
        </test-method> <!-- setUpClass -->
        <test-method signature="runScenario(io.cucumber.testng.PickleWrapper,io.cucumber.testng.FeatureWrapper)[pri:0, instance:com.nexsoft.cucumber.runner.CucumberRunner@14cd1699]" started-at="2022-06-20T11:47:51 WIB" name="runScenario" description="Runs Cucumber Scenarios" data-provider="scenarios" finished-at="2022-06-20T11:47:54 WIB" duration-ms="3803" status="PASS">
          <params>
            <param index="0">
              <value>
                <![CDATA["Login dengan menggunakan valid credential"]]>
              </value>
            </param>
            <param index="1">
              <value>
                <![CDATA["Login ke Cicool Dashboard"]]>
              </value>
            </param>
          </params>
          <reporter-output>
          </reporter-output>
        </test-method> <!-- runScenario -->
        <test-method signature="runScenario(io.cucumber.testng.PickleWrapper,io.cucumber.testng.FeatureWrapper)[pri:0, instance:com.nexsoft.cucumber.runner.CucumberRunner@14cd1699]" started-at="2022-06-20T11:47:54 WIB" name="runScenario" description="Runs Cucumber Scenarios" data-provider="scenarios" finished-at="2022-06-20T11:47:57 WIB" duration-ms="2627" status="PASS">
          <params>
            <param index="0">
              <value>
                <![CDATA["Login dengan menggunakan credential tidak valid"]]>
              </value>
            </param>
            <param index="1">
              <value>
                <![CDATA["Login ke Cicool Dashboard"]]>
              </value>
            </param>
          </params>
          <reporter-output>
          </reporter-output>
        </test-method> <!-- runScenario -->
        <test-method is-config="true" signature="tearDownClass()[pri:0, instance:com.nexsoft.cucumber.runner.CucumberRunner@14cd1699]" started-at="2022-06-20T11:47:57 WIB" name="tearDownClass" finished-at="2022-06-20T11:47:59 WIB" duration-ms="2374" status="PASS">
          <reporter-output>
          </reporter-output>
        </test-method> <!-- tearDownClass -->
      </class> <!-- com.nexsoft.cucumber.runner.CucumberRunner -->
    </test> <!-- Default test -->
  </suite> <!-- Default suite -->
</testng-results>
